*** JDIC log: IeEmbed:CommandProc:JEVENT_INIT will be broken
*** JDIC log: JEVENT_CREATEWINDOW will create a new web browser
*** JDIC log: AWT HWND is:
*** JDIC log: 131940
*** JDIC log: Created Child HWND is :
*** JDIC log: 262998
*** JDIC log: IeEmbed:CommandProc:JEVENT_INIT will be broken
*** JDIC log: JEVENT_CREATEWINDOW will create a new web browser
*** JDIC log: AWT HWND is:
*** JDIC log: 131904
*** JDIC log: Created Child HWND is :
*** JDIC log: 131900
*** JDIC log: IeEmbed:CommandProc:JEVENT_INIT will be broken
*** JDIC log: IeEmbed:CommandProc:JEVENT_INIT will be broken
*** JDIC log: IeEmbed:CommandProc:JEVENT_INIT will be broken
*** JDIC log: IeEmbed:CommandProc:JEVENT_INIT will be broken
*** JDIC log: IeEmbed:CommandProc:JEVENT_INIT will be broken
*** JDIC log: IeEmbed:CommandProc:JEVENT_INIT will be broken
*** JDIC log: JEVENT_CREATEWINDOW will create a new web browser
*** JDIC log: AWT HWND is:
*** JDIC log: 66456
*** JDIC log: Created Child HWND is :
*** JDIC log: 66458
*** JDIC log: IeEmbed:CommandProc:JEVENT_INIT will be broken
*** JDIC log: JEVENT_CREATEWINDOW will create a new web browser
*** JDIC log: AWT HWND is:
*** JDIC log: 131988
*** JDIC log: Created Child HWND is :
*** JDIC log: 131992
*** JDIC log: IeEmbed:CommandProc:JEVENT_INIT will be broken
*** JDIC log: JEVENT_CREATEWINDOW will create a new web browser
*** JDIC log: AWT HWND is:
*** JDIC log: 197528
*** JDIC log: Created Child HWND is :
*** JDIC log: 197524
*** JDIC log: IeEmbed:CommandProc:JEVENT_INIT will be broken
*** JDIC log: JEVENT_CREATEWINDOW will create a new web browser
*** JDIC log: AWT HWND is:
*** JDIC log: 263064
*** JDIC log: Created Child HWND is :
*** JDIC log: 263070
*** JDIC log: IeEmbed:CommandProc:JEVENT_INIT will be broken
*** JDIC log: JEVENT_CREATEWINDOW will create a new web browser
*** JDIC log: AWT HWND is:
*** JDIC log: 66692
*** JDIC log: Created Child HWND is :
*** JDIC log: 66698
*** JDIC log: IeEmbed:CommandProc:JEVENT_INIT will be broken
*** JDIC log: JEVENT_CREATEWINDOW will create a new web browser
*** JDIC log: AWT HWND is:
*** JDIC log: 394384
*** JDIC log: Created Child HWND is :
*** JDIC log: 328840
*** JDIC log: IeEmbed:CommandProc:JEVENT_INIT will be broken
*** JDIC log: JEVENT_CREATEWINDOW will create a new web browser
*** JDIC log: AWT HWND is:
*** JDIC log: 459436
*** JDIC log: Created Child HWND is :
*** JDIC log: 524986
*** JDIC log: IeEmbed:CommandProc:JEVENT_INIT will be broken
*** JDIC log: JEVENT_CREATEWINDOW will create a new web browser
*** JDIC log: AWT HWND is:
*** JDIC log: 393922
*** JDIC log: Created Child HWND is :
*** JDIC log: 459438
*** JDIC log: IeEmbed:CommandProc:JEVENT_INIT will be broken
*** JDIC log: JEVENT_CREATEWINDOW will create a new web browser
*** JDIC log: AWT HWND is:
*** JDIC log: 1180358
*** JDIC log: Created Child HWND is :
*** JDIC log: 459510
*** JDIC log: IeEmbed:CommandProc:JEVENT_INIT will be broken
*** JDIC log: JEVENT_CREATEWINDOW will create a new web browser
*** JDIC log: AWT HWND is:
*** JDIC log: 66728
*** JDIC log: Created Child HWND is :
*** JDIC log: 66734
*** JDIC log: IeEmbed:CommandProc:JEVENT_INIT will be broken
*** JDIC log: JEVENT_CREATEWINDOW will create a new web browser
*** JDIC log: AWT HWND is:
*** JDIC log: 66760
*** JDIC log: Created Child HWND is :
*** JDIC log: 66766
*** JDIC log: IeEmbed:CommandProc:JEVENT_INIT will be broken
*** JDIC log: JEVENT_CREATEWINDOW will create a new web browser
*** JDIC log: AWT HWND is:
*** JDIC log: 132298
*** JDIC log: Created Child HWND is :
*** JDIC log: 132296
*** JDIC log: IeEmbed:CommandProc:JEVENT_INIT will be broken
*** JDIC log: JEVENT_CREATEWINDOW will create a new web browser
*** JDIC log: AWT HWND is:
*** JDIC log: 394420
*** JDIC log: Created Child HWND is :
*** JDIC log: 197834
*** JDIC log: IeEmbed:CommandProc:JEVENT_INIT will be broken
*** JDIC log: JEVENT_CREATEWINDOW will create a new web browser
*** JDIC log: AWT HWND is:
*** JDIC log: 328922
*** JDIC log: Created Child HWND is :
*** JDIC log: 263382
*** JDIC log: IeEmbed:CommandProc:JEVENT_INIT will be broken
*** JDIC log: JEVENT_CREATEWINDOW will create a new web browser
*** JDIC log: AWT HWND is:
*** JDIC log: 590542
*** JDIC log: Created Child HWND is :
*** JDIC log: 721594
*** JDIC log: IeEmbed:CommandProc:JEVENT_INIT will be broken
*** JDIC log: JEVENT_CREATEWINDOW will create a new web browser
*** JDIC log: AWT HWND is:
*** JDIC log: 66370
*** JDIC log: Created Child HWND is :
*** JDIC log: 66376
*** JDIC log: IeEmbed:CommandProc:JEVENT_INIT will be broken
*** JDIC log: JEVENT_CREATEWINDOW will create a new web browser
*** JDIC log: AWT HWND is:
*** JDIC log: 132130
*** JDIC log: Created Child HWND is :
*** JDIC log: 66600
*** JDIC log: IeEmbed:CommandProc:JEVENT_INIT will be broken
*** JDIC log: JEVENT_CREATEWINDOW will create a new web browser
*** JDIC log: AWT HWND is:
*** JDIC log: 197658
*** JDIC log: Created Child HWND is :
*** JDIC log: 197666
*** JDIC log: IeEmbed:CommandProc:JEVENT_INIT will be broken
*** JDIC log: JEVENT_CREATEWINDOW will create a new web browser
*** JDIC log: AWT HWND is:
*** JDIC log: 131718
*** JDIC log: Created Child HWND is :
*** JDIC log: 262792
*** JDIC log: IeEmbed:CommandProc:JEVENT_INIT will be broken
*** JDIC log: JEVENT_CREATEWINDOW will create a new web browser
*** JDIC log: AWT HWND is:
*** JDIC log: 524926
*** JDIC log: Created Child HWND is :
*** JDIC log: 328310
*** JDIC log: IeEmbed:CommandProc:JEVENT_INIT will be broken
*** JDIC log: JEVENT_CREATEWINDOW will create a new web browser
*** JDIC log: AWT HWND is:
*** JDIC log: 459370
*** JDIC log: Created Child HWND is :
*** JDIC log: 524916
*** JDIC log: IeEmbed:CommandProc:JEVENT_INIT will be broken
*** JDIC log: JEVENT_CREATEWINDOW will create a new web browser
*** JDIC log: AWT HWND is:
*** JDIC log: 787056
*** JDIC log: Created Child HWND is :
*** JDIC log: 328356
*** JDIC log: IeEmbed:CommandProc:JEVENT_INIT will be broken
*** JDIC log: JEVENT_CREATEWINDOW will create a new web browser
*** JDIC log: AWT HWND is:
*** JDIC log: 524910
*** JDIC log: Created Child HWND is :
*** JDIC log: 393890
*** JDIC log: IeEmbed:CommandProc:JEVENT_INIT will be broken
*** JDIC log: JEVENT_CREATEWINDOW will create a new web browser
*** JDIC log: AWT HWND is:
*** JDIC log: 459408
*** JDIC log: Created Child HWND is :
*** JDIC log: 459384
*** JDIC log: IeEmbed:CommandProc:JEVENT_INIT will be broken
*** JDIC log: JEVENT_CREATEWINDOW will create a new web browser
*** JDIC log: AWT HWND is:
*** JDIC log: 524920
*** JDIC log: Created Child HWND is :
*** JDIC log: 524944
*** JDIC log: IeEmbed:CommandProc:JEVENT_INIT will be broken
*** JDIC log: JEVENT_CREATEWINDOW will create a new web browser
*** JDIC log: AWT HWND is:
*** JDIC log: 590480
*** JDIC log: Created Child HWND is :
*** JDIC log: 590456
*** JDIC log: IeEmbed:CommandProc:JEVENT_INIT will be broken
*** JDIC log: JEVENT_CREATEWINDOW will create a new web browser
*** JDIC log: AWT HWND is:
*** JDIC log: 328452
*** JDIC log: Created Child HWND is :
*** JDIC log: 131762
*** JDIC log: IeEmbed:CommandProc:JEVENT_INIT will be broken
*** JDIC log: JEVENT_CREATEWINDOW will create a new web browser
*** JDIC log: AWT HWND is:
*** JDIC log: 459554
*** JDIC log: Created Child HWND is :
*** JDIC log: 197360
*** JDIC log: IeEmbed:CommandProc:JEVENT_INIT will be broken
*** JDIC log: JEVENT_CREATEWINDOW will create a new web browser
*** JDIC log: AWT HWND is:
*** JDIC log: 262896
*** JDIC log: Created Child HWND is :
*** JDIC log: 525090
*** JDIC log: IeEmbed:CommandProc:JEVENT_INIT will be broken
*** JDIC log: JEVENT_CREATEWINDOW will create a new web browser
*** JDIC log: AWT HWND is:
*** JDIC log: 263204
*** JDIC log: Created Child HWND is :
*** JDIC log: 263200
*** JDIC log: IeEmbed:CommandProc:JEVENT_INIT will be broken
*** JDIC log: JEVENT_CREATEWINDOW will create a new web browser
*** JDIC log: AWT HWND is:
*** JDIC log: 1180720
*** JDIC log: Created Child HWND is :
*** JDIC log: 328740
*** JDIC log: IeEmbed:CommandProc:JEVENT_INIT will be broken
*** JDIC log: JEVENT_CREATEWINDOW will create a new web browser
*** JDIC log: AWT HWND is:
*** JDIC log: 394276
*** JDIC log: Created Child HWND is :
*** JDIC log: 1246256
*** JDIC log: IeEmbed:CommandProc:JEVENT_INIT will be broken
*** JDIC log: JEVENT_CREATEWINDOW will create a new web browser
*** JDIC log: AWT HWND is:
*** JDIC log: 590960
*** JDIC log: Created Child HWND is :
*** JDIC log: 394372
*** JDIC log: IeEmbed:CommandProc:JEVENT_INIT will be broken
*** JDIC log: JEVENT_CREATEWINDOW will create a new web browser
*** JDIC log: AWT HWND is:
*** JDIC log: 459908
*** JDIC log: Created Child HWND is :
*** JDIC log: 656496
*** JDIC log: IeEmbed:CommandProc:JEVENT_INIT will be broken
*** JDIC log: JEVENT_CREATEWINDOW will create a new web browser
*** JDIC log: AWT HWND is:
*** JDIC log: 525436
*** JDIC log: Created Child HWND is :
*** JDIC log: 197880
*** JDIC log: Instance isn't null, will not create it
*** JDIC log: IeEmbed:CommandProc:JEVENT_INIT will be broken
*** JDIC log: IeEmbed:CommandProc:JEVENT_INIT will be broken
*** JDIC log: JEVENT_CREATEWINDOW will create a new web browser
*** JDIC log: AWT HWND is:
*** JDIC log: 590932
*** JDIC log: Created Child HWND is :
*** JDIC log: 590972
*** JDIC log: IeEmbed:CommandProc:JEVENT_INIT will be broken
*** JDIC log: JEVENT_CREATEWINDOW will create a new web browser
*** JDIC log: AWT HWND is:
*** JDIC log: 918648
*** JDIC log: Created Child HWND is :
*** JDIC log: 656468
*** JDIC log: IeEmbed:CommandProc:JEVENT_INIT will be broken
*** JDIC log: JEVENT_CREATEWINDOW will create a new web browser
*** JDIC log: AWT HWND is:
*** JDIC log: 656592
*** JDIC log: Created Child HWND is :
*** JDIC log: 722088
*** JDIC log: IeEmbed:CommandProc:JEVENT_INIT will be broken
*** JDIC log: JEVENT_CREATEWINDOW will create a new web browser
*** JDIC log: AWT HWND is:
*** JDIC log: 131744
*** JDIC log: Created Child HWND is :
*** JDIC log: 393896
*** JDIC log: IeEmbed:CommandProc:JEVENT_INIT will be broken
*** JDIC log: JEVENT_CREATEWINDOW will create a new web browser
*** JDIC log: AWT HWND is:
*** JDIC log: 459432
*** JDIC log: Created Child HWND is :
*** JDIC log: 197174
*** JDIC log: IeEmbed:CommandProc:JEVENT_INIT will be broken
*** JDIC log: JEVENT_CREATEWINDOW will create a new web browser
*** JDIC log: AWT HWND is:
*** JDIC log: 459390
*** JDIC log: Created Child HWND is :
*** JDIC log: 262830
*** JDIC log: IeEmbed:CommandProc:JEVENT_INIT will be broken
*** JDIC log: JEVENT_CREATEWINDOW will create a new web browser
*** JDIC log: AWT HWND is:
*** JDIC log: 66248
*** JDIC log: Created Child HWND is :
*** JDIC log: 66250
*** JDIC log: IeEmbed:CommandProc:JEVENT_INIT will be broken
*** JDIC log: JEVENT_CREATEWINDOW will create a new web browser
*** JDIC log: AWT HWND is:
*** JDIC log: 66280
*** JDIC log: Created Child HWND is :
*** JDIC log: 66282
*** JDIC log: IeEmbed:CommandProc:JEVENT_INIT will be broken
*** JDIC log: JEVENT_CREATEWINDOW will create a new web browser
*** JDIC log: AWT HWND is:
*** JDIC log: 590522
*** JDIC log: Created Child HWND is :
*** JDIC log: 459514
*** JDIC log: IeEmbed:CommandProc:JEVENT_INIT will be broken
*** JDIC log: JEVENT_CREATEWINDOW will create a new web browser
*** JDIC log: AWT HWND is:
*** JDIC log: 656052
*** JDIC log: Created Child HWND is :
*** JDIC log: 590588
*** JDIC log: IeEmbed:CommandProc:JEVENT_INIT will be broken
*** JDIC log: JEVENT_CREATEWINDOW will create a new web browser
*** JDIC log: AWT HWND is:
*** JDIC log: 131874
*** JDIC log: Created Child HWND is :
*** JDIC log: 262934
*** JDIC log: IeEmbed:CommandProc:JEVENT_INIT will be broken
*** JDIC log: JEVENT_CREATEWINDOW will create a new web browser
*** JDIC log: AWT HWND is:
*** JDIC log: 66402
*** JDIC log: Created Child HWND is :
*** JDIC log: 66408
*** JDIC log: IeEmbed:CommandProc:JEVENT_INIT will be broken
*** JDIC log: JEVENT_CREATEWINDOW will create a new web browser
*** JDIC log: AWT HWND is:
*** JDIC log: 197486
*** JDIC log: Created Child HWND is :
*** JDIC log: 197492
*** JDIC log: IeEmbed:CommandProc:JEVENT_INIT will be broken
*** JDIC log: JEVENT_CREATEWINDOW will create a new web browser
*** JDIC log: AWT HWND is:
*** JDIC log: 262998
*** JDIC log: Created Child HWND is :
*** JDIC log: 131934
*** JDIC log: IeEmbed:CommandProc:JEVENT_INIT will be broken
*** JDIC log: JEVENT_CREATEWINDOW will create a new web browser
*** JDIC log: AWT HWND is:
*** JDIC log: 459630
*** JDIC log: Created Child HWND is :
*** JDIC log: 328534
*** JDIC log: IeEmbed:CommandProc:JEVENT_INIT will be broken
*** JDIC log: JEVENT_CREATEWINDOW will create a new web browser
*** JDIC log: AWT HWND is:
*** JDIC log: 66482
*** JDIC log: Created Child HWND is :
*** JDIC log: 66488
*** JDIC log: IeEmbed:CommandProc:JEVENT_INIT will be broken
*** JDIC log: JEVENT_CREATEWINDOW will create a new web browser
*** JDIC log: AWT HWND is:
*** JDIC log: 67370
*** JDIC log: Created Child HWND is :
*** JDIC log: 67376
*** JDIC log: IeEmbed:CommandProc:JEVENT_INIT will be broken
*** JDIC log: JEVENT_CREATEWINDOW will create a new web browser
*** JDIC log: AWT HWND is:
*** JDIC log: 329496
*** JDIC log: Created Child HWND is :
*** JDIC log: 132916
*** JDIC log: IeEmbed:CommandProc:JEVENT_INIT will be broken
*** JDIC log: JEVENT_CREATEWINDOW will create a new web browser
*** JDIC log: AWT HWND is:
*** JDIC log: 198456
*** JDIC log: Created Child HWND is :
*** JDIC log: 198440
*** JDIC log: IeEmbed:CommandProc:JEVENT_INIT will be broken
*** JDIC log: JEVENT_CREATEWINDOW will create a new web browser
*** JDIC log: AWT HWND is:
*** JDIC log: 526112
*** JDIC log: Created Child HWND is :
*** JDIC log: 263992
*** JDIC log: IeEmbed:CommandProc:JEVENT_INIT will be broken
*** JDIC log: JEVENT_CREATEWINDOW will create a new web browser
*** JDIC log: AWT HWND is:
*** JDIC log: 67538
*** JDIC log: Created Child HWND is :
*** JDIC log: 67544
*** JDIC log: IeEmbed:CommandProc:JEVENT_INIT will be broken
*** JDIC log: JEVENT_CREATEWINDOW will create a new web browser
*** JDIC log: AWT HWND is:
*** JDIC log: 393870
*** JDIC log: Created Child HWND is :
*** JDIC log: 393884
*** JDIC log: IeEmbed:CommandProc:JEVENT_INIT will be broken
*** JDIC log: JEVENT_CREATEWINDOW will create a new web browser
*** JDIC log: AWT HWND is:
*** JDIC log: 459406
*** JDIC log: Created Child HWND is :
*** JDIC log: 1377022
*** JDIC log: IeEmbed:CommandProc:JEVENT_INIT will be broken
*** JDIC log: IeEmbed:CommandProc:JEVENT_INIT will be broken
*** JDIC log: JEVENT_CREATEWINDOW will create a new web browser
*** JDIC log: AWT HWND is:
*** JDIC log: 131692
*** JDIC log: Created Child HWND is :
*** JDIC log: 262768
*** JDIC log: IeEmbed:CommandProc:JEVENT_INIT will be broken
*** JDIC log: JEVENT_CREATEWINDOW will create a new web browser
*** JDIC log: AWT HWND is:
*** JDIC log: 393832
*** JDIC log: Created Child HWND is :
*** JDIC log: 328168
*** JDIC log: IeEmbed:CommandProc:JEVENT_INIT will be broken
*** JDIC log: JEVENT_CREATEWINDOW will create a new web browser
*** JDIC log: AWT HWND is:
*** JDIC log: 328282
*** JDIC log: Created Child HWND is :
*** JDIC log: 459368
*** JDIC log: IeEmbed:CommandProc:JEVENT_INIT will be broken
*** JDIC log: JEVENT_CREATEWINDOW will create a new web browser
*** JDIC log: AWT HWND is:
*** JDIC log: 328360
*** JDIC log: Created Child HWND is :
*** JDIC log: 393818
*** JDIC log: IeEmbed:CommandProc:JEVENT_INIT will be broken
*** JDIC log: JEVENT_CREATEWINDOW will create a new web browser
*** JDIC log: AWT HWND is:
*** JDIC log: 66544
*** JDIC log: Created Child HWND is :
*** JDIC log: 66550
*** JDIC log: IeEmbed:CommandProc:JEVENT_INIT will be broken
*** JDIC log: JEVENT_CREATEWINDOW will create a new web browser
*** JDIC log: AWT HWND is:
*** JDIC log: 525066
*** JDIC log: Created Child HWND is :
*** JDIC log: 131924
*** JDIC log: IeEmbed:CommandProc:JEVENT_INIT will be broken
*** JDIC log: JEVENT_CREATEWINDOW will create a new web browser
*** JDIC log: AWT HWND is:
*** JDIC log: 68686
*** JDIC log: Created Child HWND is :
*** JDIC log: 68692
*** JDIC log: IeEmbed:CommandProc:JEVENT_INIT will be broken
*** JDIC log: JEVENT_CREATEWINDOW will create a new web browser
*** JDIC log: AWT HWND is:
*** JDIC log: 69150
*** JDIC log: Created Child HWND is :
*** JDIC log: 69162
*** JDIC log: IeEmbed:CommandProc:JEVENT_INIT will be broken
*** JDIC log: JEVENT_CREATEWINDOW will create a new web browser
*** JDIC log: AWT HWND is:
*** JDIC log: 69452
*** JDIC log: Created Child HWND is :
*** JDIC log: 69458
*** JDIC log: IeEmbed:CommandProc:JEVENT_INIT will be broken
*** JDIC log: JEVENT_CREATEWINDOW will create a new web browser
*** JDIC log: AWT HWND is:
*** JDIC log: 459752
*** JDIC log: Created Child HWND is :
*** JDIC log: 132088
*** JDIC log: IeEmbed:CommandProc:JEVENT_INIT will be broken
*** JDIC log: IeEmbed:CommandProc:JEVENT_INIT will be broken
*** JDIC log: JEVENT_CREATEWINDOW will create a new web browser
*** JDIC log: AWT HWND is:
*** JDIC log: 852814
*** JDIC log: Created Child HWND is :
*** JDIC log: 459586
*** JDIC log: IeEmbed:CommandProc:JEVENT_INIT will be broken
*** JDIC log: JEVENT_CREATEWINDOW will create a new web browser
*** JDIC log: AWT HWND is:
*** JDIC log: 787390
*** JDIC log: Created Child HWND is :
*** JDIC log: 721818
*** JDIC log: IeEmbed:CommandProc:JEVENT_INIT will be broken
*** JDIC log: JEVENT_CREATEWINDOW will create a new web browser
*** JDIC log: AWT HWND is:
*** JDIC log: 656194
*** JDIC log: Created Child HWND is :
*** JDIC log: 918462
*** JDIC log: IeEmbed:CommandProc:JEVENT_INIT will be broken
*** JDIC log: IeEmbed:CommandProc:JEVENT_INIT will be broken
*** JDIC log: JEVENT_CREATEWINDOW will create a new web browser
*** JDIC log: AWT HWND is:
*** JDIC log: 1442736
*** JDIC log: Created Child HWND is :
*** JDIC log: 525248
*** JDIC log: IeEmbed:CommandProc:JEVENT_INIT will be broken
*** JDIC log: JEVENT_CREATEWINDOW will create a new web browser
*** JDIC log: AWT HWND is:
*** JDIC log: 721848
*** JDIC log: Created Child HWND is :
*** JDIC log: 590708
*** JDIC log: IeEmbed:CommandProc:JEVENT_INIT will be broken
*** JDIC log: IeEmbed:CommandProc:JEVENT_INIT will be broken
*** JDIC log: IeEmbed:CommandProc:JEVENT_INIT will be broken
*** JDIC log: JEVENT_CREATEWINDOW will create a new web browser
*** JDIC log: AWT HWND is:
*** JDIC log: 983714
*** JDIC log: Created Child HWND is :
*** JDIC log: 328248
*** JDIC log: IeEmbed:CommandProc:JEVENT_INIT will be broken
*** JDIC log: JEVENT_CREATEWINDOW will create a new web browser
*** JDIC log: AWT HWND is:
*** JDIC log: 524902
*** JDIC log: Created Child HWND is :
*** JDIC log: 590434
*** JDIC log: IeEmbed:CommandProc:JEVENT_INIT will be broken
*** JDIC log: IeEmbed:CommandProc:JEVENT_INIT will be broken
*** JDIC log: IeEmbed:CommandProc:JEVENT_INIT will be broken
*** JDIC log: IeEmbed:CommandProc:JEVENT_INIT will be broken
*** JDIC log: IeEmbed:CommandProc:JEVENT_INIT will be broken
*** JDIC log: IeEmbed:CommandProc:JEVENT_INIT will be broken
*** JDIC log: IeEmbed:CommandProc:JEVENT_INIT will be broken
*** JDIC log: IeEmbed:CommandProc:JEVENT_INIT will be broken
*** JDIC log: IeEmbed:CommandProc:JEVENT_INIT will be broken
*** JDIC log: IeEmbed:CommandProc:JEVENT_INIT will be broken
*** JDIC log: IeEmbed:CommandProc:JEVENT_INIT will be broken
*** JDIC log: IeEmbed:CommandProc:JEVENT_INIT will be broken
*** JDIC log: IeEmbed:CommandProc:JEVENT_INIT will be broken
*** JDIC log: IeEmbed:CommandProc:JEVENT_INIT will be broken
*** JDIC log: IeEmbed:CommandProc:JEVENT_INIT will be broken
*** JDIC log: IeEmbed:CommandProc:JEVENT_INIT will be broken
*** JDIC log: IeEmbed:CommandProc:JEVENT_INIT will be broken
*** JDIC log: IeEmbed:CommandProc:JEVENT_INIT will be broken
*** JDIC log: IeEmbed:CommandProc:JEVENT_INIT will be broken
*** JDIC log: JEVENT_CREATEWINDOW will create a new web browser
*** JDIC log: AWT HWND is:
*** JDIC log: 66654
*** JDIC log: Created Child HWND is :
*** JDIC log: 66660
*** JDIC log: IeEmbed:CommandProc:JEVENT_INIT will be broken
*** JDIC log: JEVENT_CREATEWINDOW will create a new web browser
*** JDIC log: AWT HWND is:
*** JDIC log: 197710
*** JDIC log: Created Child HWND is :
*** JDIC log: 132190
*** JDIC log: IeEmbed:CommandProc:JEVENT_INIT will be broken
*** JDIC log: JEVENT_CREATEWINDOW will create a new web browser
*** JDIC log: AWT HWND is:
*** JDIC log: 459968
*** JDIC log: Created Child HWND is :
*** JDIC log: 132276
*** JDIC log: IeEmbed:CommandProc:JEVENT_INIT will be broken
*** JDIC log: IeEmbed:CommandProc:JEVENT_INIT will be broken
*** JDIC log: IeEmbed:CommandProc:JEVENT_INIT will be broken
*** JDIC log: IeEmbed:CommandProc:JEVENT_INIT will be broken
*** JDIC log: IeEmbed:CommandProc:JEVENT_INIT will be broken
*** JDIC log: IeEmbed:CommandProc:JEVENT_INIT will be broken
*** JDIC log: IeEmbed:CommandProc:JEVENT_INIT will be broken
*** JDIC log: IeEmbed:CommandProc:JEVENT_INIT will be broken
*** JDIC log: IeEmbed:CommandProc:JEVENT_INIT will be broken
*** JDIC log: JEVENT_CREATEWINDOW will create a new web browser
*** JDIC log: AWT HWND is:
*** JDIC log: 197596
*** JDIC log: Created Child HWND is :
*** JDIC log: 263072
*** JDIC log: IeEmbed:CommandProc:JEVENT_INIT will be broken
*** JDIC log: IeEmbed:CommandProc:JEVENT_INIT will be broken
*** JDIC log: IeEmbed:CommandProc:JEVENT_INIT will be broken
*** JDIC log: IeEmbed:CommandProc:JEVENT_INIT will be broken
*** JDIC log: IeEmbed:CommandProc:JEVENT_INIT will be broken
*** JDIC log: IeEmbed:CommandProc:JEVENT_INIT will be broken
*** JDIC log: JEVENT_CREATEWINDOW will create a new web browser
*** JDIC log: AWT HWND is:
*** JDIC log: 1639244
*** JDIC log: Created Child HWND is :
*** JDIC log: 263122
*** JDIC log: IeEmbed:CommandProc:JEVENT_INIT will be broken
*** JDIC log: JEVENT_CREATEWINDOW will create a new web browser
*** JDIC log: AWT HWND is:
*** JDIC log: 2556854
*** JDIC log: Created Child HWND is :
*** JDIC log: 918918
*** JDIC log: IeEmbed:CommandProc:JEVENT_INIT will be broken
*** JDIC log: JEVENT_CREATEWINDOW will create a new web browser
*** JDIC log: AWT HWND is:
*** JDIC log: 67042
*** JDIC log: Created Child HWND is :
*** JDIC log: 1246424
*** JDIC log: IeEmbed:CommandProc:JEVENT_INIT will be broken
*** JDIC log: JEVENT_CREATEWINDOW will create a new web browser
*** JDIC log: AWT HWND is:
*** JDIC log: 2097876
*** JDIC log: Created Child HWND is :
*** JDIC log: 1835768
*** JDIC log: IeEmbed:CommandProc:JEVENT_INIT will be broken
*** JDIC log: JEVENT_CREATEWINDOW will create a new web browser
*** JDIC log: AWT HWND is:
*** JDIC log: 66686
*** JDIC log: Created Child HWND is :
*** JDIC log: 66692
